<?xml version="1.0" encoding="UTF-8"?>
<testng-results skipped="0" failed="0" ignored="0" total="1" passed="1">
  <reporter-output>
  </reporter-output>
  <suite name="Default suite" duration-ms="117897" started-at="2018-06-12T11:11:27Z" finished-at="2018-06-12T11:13:25Z">
    <groups>
    </groups>
    <test name="Default test" duration-ms="117897" started-at="2018-06-12T11:11:27Z" finished-at="2018-06-12T11:13:25Z">
      <class name="com.sample.test.Runner">
        <test-method status="PASS" signature="runWebTests()[pri:0, instance:com.sample.test.Runner@71bbf57e]" name="runWebTests" duration-ms="117866" started-at="2018-06-12T16:41:27Z" finished-at="2018-06-12T16:43:25Z">
          <reporter-output>
          </reporter-output>
        </test-method> <!-- runWebTests -->
      </class> <!-- com.sample.test.Runner -->
    </test> <!-- Default test -->
  </suite> <!-- Default suite -->
</testng-results>
